<?xml version="1.0" encoding="UTF-8"?>
<!-- Generated by org.testng.reporters.JUnitReportReporter -->
<testsuite hostname="GD4XT9C45H" failures="0" tests="1" name="com.rms.automation.batchApi.BatchTests" time="0.000" errors="0" timestamp="2023-12-10T22:40:31 PST" skipped="1">
  <testcase classname="com.rms.automation.batchApi.BatchTests" name="batchAPI" time="0.000">
    <skipped/>
  </testcase> <!-- batchAPI -->
  <system-out/>
</testsuite> <!-- batch.com.rms.automation.BatchTests -->
