<?xml version="1.0" encoding="UTF-8"?>
<!-- Generated by org.testng.reporters.JUnitReportReporter -->
<testsuite hostname="GD4XT9C45H" failures="0" tests="1" name="automation.Test1" time="0.002" errors="0" timestamp="2023-11-13T22:33:01 PST" skipped="0">
  <testcase classname="automation.Test1" name="Testf" time="0.002"/>
  <system-out/>
</testsuite> <!-- automation.Test1 -->
