<?xml version="1.0" encoding="UTF-8"?>
<!-- Generated by org.testng.reporters.JUnitReportReporter -->
<testsuite hostname="GD4XT9C45H" failures="0" tests="2" name="automation.tests.UploadEDM" time="356.554" errors="0" timestamp="2023-11-13T22:48:27 PST" skipped="0">
  <testcase classname="automation.tests.UploadEDM" name="UploadEdm" time="215.055"/>
  <system-out/>
  <testcase classname="automation.tests.UploadEDM" name="UploadEdm" time="141.499"/>
  <system-out/>
</testsuite> <!-- automation.UploadEDM -->
