<?xml version="1.0" encoding="UTF-8"?>
<!-- Generated by org.testng.reporters.JUnitReportReporter -->
<testsuite hostname="GD4XT9C45H" failures="0" tests="1" name="automation.mriImport.MRIImportTests" time="105.314" errors="0" timestamp="2024-01-12T08:54:54 PST" skipped="0">
  <testcase classname="automation.mriImport.MRIImportTests" name="MRIImport" time="105.314"/>
  <system-out/>
</testsuite> <!-- automation.mriImport.MRIImportTests -->
