<?xml version="1.0" encoding="UTF-8"?>
<!-- Generated by org.testng.reporters.JUnitReportReporter -->
<testsuite hostname="GD4XT9C45H" failures="0" tests="1" name="automation.createEDM.CreateEDMTests" time="3.824" errors="0" timestamp="2023-12-10T23:14:33 PST" skipped="0">
  <testcase classname="automation.createEDM.CreateEDMTests" name="CreateEDM" time="3.824"/>
  <system-out/>
</testsuite> <!-- automation.createEDM.CreateEDMTests -->
